20251017 16:02:49 - I - Comienza la ejecuci贸n
20251017 16:02:49 - I - Estableciendo conexi贸n
20251017 16:02:50 - I - Conexi贸n establecida
20251017 16:02:50 - I - Lanzando consulta: Select Code, Name, Continent from world.country CO limit 5
20251017 16:02:50 - I - Consulta ejecutada
20251017 16:02:50 - I - Imprimiendo informe
20251017 16:02:50 - I - Informe impreso
20251017 16:02:50 - I - Lanzando consulta: SELECT world.country.Name AS Pais, world.city.Name AS Capital FROM world.country JOIN world.city ON world.country.Capital = world.city.ID JOIN world.countrylanguage ON world.country.Code = world.countrylanguage.CountryCode WHERE world.countrylanguage.Language = 'Spanish' AND world.countrylanguage.IsOfficial = 'T';
20251017 16:02:50 - I - Consulta ejecutada
20251017 16:02:50 - I - Imprimiendo informe
20251017 16:02:50 - I - Informe impreso
20251017 16:02:50 - I - Lanzando consulta: SELECT world.country.Name AS Pais, COUNT(world.countrylanguage.Language) AS NumeroIdiomas FROM world.country JOIN world.countrylanguage ON world.country.Code = world.countrylanguage.CountryCode GROUP BY world.country.Code ORDER BY NumeroIdiomas DESC LIMIT 5;
20251017 16:02:50 - I - Consulta ejecutada
20251017 16:02:50 - I - Imprimiendo informe
20251017 16:02:50 - I - Informe impreso
20251017 16:02:50 - I - Lanzando consulta: SELECT world.country.Name AS Pais, world.country.Population AS Poblacion FROM world.country ORDER BY world.country.Population DESC LIMIT 1;
20251017 16:02:50 - I - Consulta ejecutada
20251017 16:02:50 - I - Imprimiendo informe
20251017 16:02:50 - I - Informe impreso
20251017 16:02:50 - I - Fin de la ejecuci贸n
